<?xml version="1.0" encoding="UTF-8"?>
<!-- Generated by org.testng.reporters.JUnitReportReporter -->
<testsuite hostname="SHARMAPC-PC" name="com.data.Dataprovider.TestParallelDataprovider" tests="2" failures="0" timestamp="29 Oct 2020 14:16:14 GMT" time="4.081" errors="0">
  <testcase name="doLogin1" time="2.037" classname="com.data.Dataprovider.TestParallelDataprovider"/>
  <testcase name="doLogin1" time="2.044" classname="com.data.Dataprovider.TestParallelDataprovider"/>
</testsuite> <!-- com.data.Dataprovider.TestParallelDataprovider -->
