<?xml version="1.0" encoding="UTF-8"?>
<!-- Generated by org.testng.reporters.JUnitReportReporter -->
<testsuite hostname="SHARMAPC-PC" name="com.data.Dataprovider.TestParallel" tests="2" failures="0" timestamp="2 Nov 2020 10:09:51 GMT" time="4.392" errors="0">
  <testcase name="doLogin" time="2.196" classname="com.data.Dataprovider.TestParallel"/>
  <testcase name="doLogin" time="2.196" classname="com.data.Dataprovider.TestParallel"/>
</testsuite> <!-- com.data.Dataprovider.TestParallel -->
