<?xml version="1.0" encoding="UTF-8"?>
<!-- Generated by org.testng.reporters.JUnitReportReporter -->
<testsuite hostname="SHARMAPC-PC" name="com.data.Dataprovider.TestParametrisation" tests="1" failures="0" timestamp="29 Oct 2020 13:28:54 GMT" time="0.017" errors="0">
  <testcase name="getBrowser" time="0.017" classname="com.data.Dataprovider.TestParametrisation"/>
</testsuite> <!-- com.data.Dataprovider.TestParametrisation -->
