<?xml version="1.0" encoding="UTF-8"?>
<!-- Generated by org.testng.reporters.JUnitReportReporter -->
<testsuite hostname="SHARMAPC-PC" name="com.data.regression.Test5" tests="3" failures="0" timestamp="28 Oct 2020 13:03:27 GMT" time="0.019" errors="0">
  <testcase name="test1" time="0.018" classname="com.data.regression.Test5"/>
  <testcase name="test2" time="0.000" classname="com.data.regression.Test5"/>
  <testcase name="test" time="0.001" classname="com.data.regression.Test5"/>
</testsuite> <!-- com.data.regression.Test5 -->
