<?xml version="1.0" encoding="UTF-8"?>
<!-- Generated by org.testng.reporters.JUnitReportReporter -->
<testsuite hostname="SHARMAPC-PC" name="com.data.regression.Test4" tests="1" failures="0" timestamp="28 Oct 2020 13:03:27 GMT" time="0.007" errors="0">
  <testcase name="test2" time="0.007" classname="com.data.regression.Test4"/>
</testsuite> <!-- com.data.regression.Test4 -->
