<?xml version="1.0" encoding="UTF-8"?>
<!-- Generated by org.testng.reporters.JUnitReportReporter -->
<testsuite hostname="SHARMAPC-PC" name="com.data.testng.Test1" tests="1" failures="0" timestamp="28 Oct 2020 11:16:46 GMT" time="0.005" errors="0">
  <testcase name="setUP" time="0.005" classname="com.data.testng.Test1"/>
</testsuite> <!-- com.data.testng.Test1 -->
